2020-12-21T13:22:46+00:00 CRITICAL Uncaught Error: Call to undefined function get_field() in C:\xampp\htdocs\baohosocvang\wp-content\themes\supermarket-ecommerce\header.php:16
Stack trace:
#0 C:\xampp\htdocs\baohosocvang\wp-includes\template.php(722): require_once()
#1 C:\xampp\htdocs\baohosocvang\wp-includes\template.php(671): load_template('C:\\xampp\\htdocs...', true)
#2 C:\xampp\htdocs\baohosocvang\wp-includes\general-template.php(41): locate_template(Array, true)
#3 C:\xampp\htdocs\baohosocvang\wp-content\themes\supermarket-ecommerce\page.php(10): get_header()
#4 C:\xampp\htdocs\baohosocvang\wp-includes\template-loader.php(98): include('C:\\xampp\\htdocs...')
#5 C:\xampp\htdocs\baohosocvang\wp-blog-header.php(19): require_once('C:\\xampp\\htdocs...')
#6 C:\xampp\htdocs\baohosocvang\index.php(17): require('C:\\xampp\\htdocs...')
#7 {main}
  thrown in C:\xampp\htdocs\baohosocvang\wp-content\themes\supermarket-ecommerce\header.php on line 16

2020-12-21T13:35:29+00:00 CRITICAL Uncaught Error: Call to undefined function get_field() in C:\xampp\htdocs\baohosocvang\wp-content\themes\supermarket-ecommerce\header.php:16
Stack trace:
#0 C:\xampp\htdocs\baohosocvang\wp-includes\template.php(722): require_once()
#1 C:\xampp\htdocs\baohosocvang\wp-includes\template.php(671): load_template('C:\\xampp\\htdocs...', true)
#2 C:\xampp\htdocs\baohosocvang\wp-includes\general-template.php(41): locate_template(Array, true)
#3 C:\xampp\htdocs\baohosocvang\wp-content\themes\supermarket-ecommerce\page.php(10): get_header()
#4 C:\xampp\htdocs\baohosocvang\wp-includes\template-loader.php(98): include('C:\\xampp\\htdocs...')
#5 C:\xampp\htdocs\baohosocvang\wp-blog-header.php(19): require_once('C:\\xampp\\htdocs...')
#6 C:\xampp\htdocs\baohosocvang\index.php(17): require('C:\\xampp\\htdocs...')
#7 {main}
  thrown in C:\xampp\htdocs\baohosocvang\wp-content\themes\supermarket-ecommerce\header.php on line 16

2020-12-21T13:37:05+00:00 CRITICAL Uncaught Error: Call to undefined function get_field() in C:\xampp\htdocs\baohosocvang\wp-content\themes\supermarket-ecommerce\header.php:88
Stack trace:
#0 C:\xampp\htdocs\baohosocvang\wp-includes\template.php(722): require_once()
#1 C:\xampp\htdocs\baohosocvang\wp-includes\template.php(671): load_template('C:\\xampp\\htdocs...', true)
#2 C:\xampp\htdocs\baohosocvang\wp-includes\general-template.php(41): locate_template(Array, true)
#3 C:\xampp\htdocs\baohosocvang\wp-content\themes\supermarket-ecommerce\page.php(10): get_header()
#4 C:\xampp\htdocs\baohosocvang\wp-includes\template-loader.php(98): include('C:\\xampp\\htdocs...')
#5 C:\xampp\htdocs\baohosocvang\wp-blog-header.php(19): require_once('C:\\xampp\\htdocs...')
#6 C:\xampp\htdocs\baohosocvang\index.php(17): require('C:\\xampp\\htdocs...')
#7 {main}
  thrown in C:\xampp\htdocs\baohosocvang\wp-content\themes\supermarket-ecommerce\header.php on line 88

2020-12-21T13:37:09+00:00 CRITICAL Uncaught Error: Call to undefined function get_field() in C:\xampp\htdocs\baohosocvang\wp-content\themes\supermarket-ecommerce\header.php:88
Stack trace:
#0 C:\xampp\htdocs\baohosocvang\wp-includes\template.php(722): require_once()
#1 C:\xampp\htdocs\baohosocvang\wp-includes\template.php(671): load_template('C:\\xampp\\htdocs...', true)
#2 C:\xampp\htdocs\baohosocvang\wp-includes\general-template.php(41): locate_template(Array, true)
#3 C:\xampp\htdocs\baohosocvang\wp-content\themes\supermarket-ecommerce\page.php(10): get_header()
#4 C:\xampp\htdocs\baohosocvang\wp-includes\template-loader.php(98): include('C:\\xampp\\htdocs...')
#5 C:\xampp\htdocs\baohosocvang\wp-blog-header.php(19): require_once('C:\\xampp\\htdocs...')
#6 C:\xampp\htdocs\baohosocvang\index.php(17): require('C:\\xampp\\htdocs...')
#7 {main}
  thrown in C:\xampp\htdocs\baohosocvang\wp-content\themes\supermarket-ecommerce\header.php on line 88

2020-12-21T13:37:31+00:00 CRITICAL Uncaught Error: Call to undefined function get_field() in C:\xampp\htdocs\baohosocvang\wp-content\themes\supermarket-ecommerce\header.php:88
Stack trace:
#0 C:\xampp\htdocs\baohosocvang\wp-includes\template.php(722): require_once()
#1 C:\xampp\htdocs\baohosocvang\wp-includes\template.php(671): load_template('C:\\xampp\\htdocs...', true)
#2 C:\xampp\htdocs\baohosocvang\wp-includes\general-template.php(41): locate_template(Array, true)
#3 C:\xampp\htdocs\baohosocvang\wp-content\themes\supermarket-ecommerce\page.php(10): get_header()
#4 C:\xampp\htdocs\baohosocvang\wp-includes\template-loader.php(98): include('C:\\xampp\\htdocs...')
#5 C:\xampp\htdocs\baohosocvang\wp-blog-header.php(19): require_once('C:\\xampp\\htdocs...')
#6 C:\xampp\htdocs\baohosocvang\index.php(17): require('C:\\xampp\\htdocs...')
#7 {main}
  thrown in C:\xampp\htdocs\baohosocvang\wp-content\themes\supermarket-ecommerce\header.php on line 88

2020-12-21T13:37:33+00:00 CRITICAL Uncaught Error: Call to undefined function get_field() in C:\xampp\htdocs\baohosocvang\wp-content\themes\supermarket-ecommerce\header.php:88
Stack trace:
#0 C:\xampp\htdocs\baohosocvang\wp-includes\template.php(722): require_once()
#1 C:\xampp\htdocs\baohosocvang\wp-includes\template.php(671): load_template('C:\\xampp\\htdocs...', true)
#2 C:\xampp\htdocs\baohosocvang\wp-includes\general-template.php(41): locate_template(Array, true)
#3 C:\xampp\htdocs\baohosocvang\wp-content\themes\supermarket-ecommerce\page.php(10): get_header()
#4 C:\xampp\htdocs\baohosocvang\wp-includes\template-loader.php(98): include('C:\\xampp\\htdocs...')
#5 C:\xampp\htdocs\baohosocvang\wp-blog-header.php(19): require_once('C:\\xampp\\htdocs...')
#6 C:\xampp\htdocs\baohosocvang\index.php(17): require('C:\\xampp\\htdocs...')
#7 {main}
  thrown in C:\xampp\htdocs\baohosocvang\wp-content\themes\supermarket-ecommerce\header.php on line 88

2020-12-21T13:38:29+00:00 CRITICAL Uncaught Error: Call to undefined function get_field() in C:\xampp\htdocs\baohosocvang\wp-content\themes\supermarket-ecommerce\header.php:88
Stack trace:
#0 C:\xampp\htdocs\baohosocvang\wp-includes\template.php(722): require_once()
#1 C:\xampp\htdocs\baohosocvang\wp-includes\template.php(671): load_template('C:\\xampp\\htdocs...', true)
#2 C:\xampp\htdocs\baohosocvang\wp-includes\general-template.php(41): locate_template(Array, true)
#3 C:\xampp\htdocs\baohosocvang\wp-content\themes\supermarket-ecommerce\page.php(10): get_header()
#4 C:\xampp\htdocs\baohosocvang\wp-includes\template-loader.php(98): include('C:\\xampp\\htdocs...')
#5 C:\xampp\htdocs\baohosocvang\wp-blog-header.php(19): require_once('C:\\xampp\\htdocs...')
#6 C:\xampp\htdocs\baohosocvang\index.php(17): require('C:\\xampp\\htdocs...')
#7 {main}
  thrown in C:\xampp\htdocs\baohosocvang\wp-content\themes\supermarket-ecommerce\header.php on line 88

2020-12-21T13:38:58+00:00 CRITICAL Uncaught Error: Call to undefined function get_field() in C:\xampp\htdocs\baohosocvang\wp-content\themes\supermarket-ecommerce\header.php:89
Stack trace:
#0 C:\xampp\htdocs\baohosocvang\wp-includes\template.php(722): require_once()
#1 C:\xampp\htdocs\baohosocvang\wp-includes\template.php(671): load_template('C:\\xampp\\htdocs...', true)
#2 C:\xampp\htdocs\baohosocvang\wp-includes\general-template.php(41): locate_template(Array, true)
#3 C:\xampp\htdocs\baohosocvang\wp-content\themes\supermarket-ecommerce\page.php(10): get_header()
#4 C:\xampp\htdocs\baohosocvang\wp-includes\template-loader.php(98): include('C:\\xampp\\htdocs...')
#5 C:\xampp\htdocs\baohosocvang\wp-blog-header.php(19): require_once('C:\\xampp\\htdocs...')
#6 C:\xampp\htdocs\baohosocvang\index.php(17): require('C:\\xampp\\htdocs...')
#7 {main}
  thrown in C:\xampp\htdocs\baohosocvang\wp-content\themes\supermarket-ecommerce\header.php on line 89

2020-12-21T13:40:26+00:00 CRITICAL Uncaught Error: Function name must be a string in C:\xampp\htdocs\baohosocvang\wp-content\themes\supermarket-ecommerce\header.php:17
Stack trace:
#0 C:\xampp\htdocs\baohosocvang\wp-includes\template.php(722): require_once()
#1 C:\xampp\htdocs\baohosocvang\wp-includes\template.php(671): load_template('C:\\xampp\\htdocs...', true)
#2 C:\xampp\htdocs\baohosocvang\wp-includes\general-template.php(41): locate_template(Array, true)
#3 C:\xampp\htdocs\baohosocvang\wp-content\themes\supermarket-ecommerce\page.php(10): get_header()
#4 C:\xampp\htdocs\baohosocvang\wp-includes\template-loader.php(98): include('C:\\xampp\\htdocs...')
#5 C:\xampp\htdocs\baohosocvang\wp-blog-header.php(19): require_once('C:\\xampp\\htdocs...')
#6 C:\xampp\htdocs\baohosocvang\index.php(17): require('C:\\xampp\\htdocs...')
#7 {main}
  thrown in C:\xampp\htdocs\baohosocvang\wp-content\themes\supermarket-ecommerce\header.php on line 17

2020-12-21T13:41:01+00:00 CRITICAL Uncaught Error: Call to undefined function get_field() in C:\xampp\htdocs\baohosocvang\wp-content\themes\supermarket-ecommerce\header.php:89
Stack trace:
#0 C:\xampp\htdocs\baohosocvang\wp-includes\template.php(722): require_once()
#1 C:\xampp\htdocs\baohosocvang\wp-includes\template.php(671): load_template('C:\\xampp\\htdocs...', true)
#2 C:\xampp\htdocs\baohosocvang\wp-includes\general-template.php(41): locate_template(Array, true)
#3 C:\xampp\htdocs\baohosocvang\wp-content\themes\supermarket-ecommerce\page.php(10): get_header()
#4 C:\xampp\htdocs\baohosocvang\wp-includes\template-loader.php(98): include('C:\\xampp\\htdocs...')
#5 C:\xampp\htdocs\baohosocvang\wp-blog-header.php(19): require_once('C:\\xampp\\htdocs...')
#6 C:\xampp\htdocs\baohosocvang\index.php(17): require('C:\\xampp\\htdocs...')
#7 {main}
  thrown in C:\xampp\htdocs\baohosocvang\wp-content\themes\supermarket-ecommerce\header.php on line 89

2020-12-21T13:41:35+00:00 CRITICAL Uncaught Error: Call to undefined function get_field() in C:\xampp\htdocs\baohosocvang\wp-content\themes\supermarket-ecommerce\header.php:89
Stack trace:
#0 C:\xampp\htdocs\baohosocvang\wp-includes\template.php(722): require_once()
#1 C:\xampp\htdocs\baohosocvang\wp-includes\template.php(671): load_template('C:\\xampp\\htdocs...', true)
#2 C:\xampp\htdocs\baohosocvang\wp-includes\general-template.php(41): locate_template(Array, true)
#3 C:\xampp\htdocs\baohosocvang\wp-content\themes\supermarket-ecommerce\page.php(10): get_header()
#4 C:\xampp\htdocs\baohosocvang\wp-includes\template-loader.php(98): include('C:\\xampp\\htdocs...')
#5 C:\xampp\htdocs\baohosocvang\wp-blog-header.php(19): require_once('C:\\xampp\\htdocs...')
#6 C:\xampp\htdocs\baohosocvang\index.php(17): require('C:\\xampp\\htdocs...')
#7 {main}
  thrown in C:\xampp\htdocs\baohosocvang\wp-content\themes\supermarket-ecommerce\header.php on line 89

2020-12-21T13:42:08+00:00 CRITICAL Uncaught Error: Call to undefined function get_field() in C:\xampp\htdocs\baohosocvang\wp-content\themes\supermarket-ecommerce\header.php:90
Stack trace:
#0 C:\xampp\htdocs\baohosocvang\wp-includes\template.php(722): require_once()
#1 C:\xampp\htdocs\baohosocvang\wp-includes\template.php(671): load_template('C:\\xampp\\htdocs...', true)
#2 C:\xampp\htdocs\baohosocvang\wp-includes\general-template.php(41): locate_template(Array, true)
#3 C:\xampp\htdocs\baohosocvang\wp-content\themes\supermarket-ecommerce\page.php(10): get_header()
#4 C:\xampp\htdocs\baohosocvang\wp-includes\template-loader.php(98): include('C:\\xampp\\htdocs...')
#5 C:\xampp\htdocs\baohosocvang\wp-blog-header.php(19): require_once('C:\\xampp\\htdocs...')
#6 C:\xampp\htdocs\baohosocvang\index.php(17): require('C:\\xampp\\htdocs...')
#7 {main}
  thrown in C:\xampp\htdocs\baohosocvang\wp-content\themes\supermarket-ecommerce\header.php on line 90

2020-12-21T13:43:59+00:00 CRITICAL Uncaught Error: Call to undefined function get_field() in C:\xampp\htdocs\baohosocvang\wp-content\themes\supermarket-ecommerce\header.php:89
Stack trace:
#0 C:\xampp\htdocs\baohosocvang\wp-includes\template.php(722): require_once()
#1 C:\xampp\htdocs\baohosocvang\wp-includes\template.php(671): load_template('C:\\xampp\\htdocs...', true)
#2 C:\xampp\htdocs\baohosocvang\wp-includes\general-template.php(41): locate_template(Array, true)
#3 C:\xampp\htdocs\baohosocvang\wp-content\themes\supermarket-ecommerce\page.php(10): get_header()
#4 C:\xampp\htdocs\baohosocvang\wp-includes\template-loader.php(98): include('C:\\xampp\\htdocs...')
#5 C:\xampp\htdocs\baohosocvang\wp-blog-header.php(19): require_once('C:\\xampp\\htdocs...')
#6 C:\xampp\htdocs\baohosocvang\index.php(17): require('C:\\xampp\\htdocs...')
#7 {main}
  thrown in C:\xampp\htdocs\baohosocvang\wp-content\themes\supermarket-ecommerce\header.php on line 89

2020-12-21T13:44:04+00:00 CRITICAL Uncaught Error: Call to undefined function get_field() in C:\xampp\htdocs\baohosocvang\wp-content\themes\supermarket-ecommerce\header.php:89
Stack trace:
#0 C:\xampp\htdocs\baohosocvang\wp-includes\template.php(722): require_once()
#1 C:\xampp\htdocs\baohosocvang\wp-includes\template.php(671): load_template('C:\\xampp\\htdocs...', true)
#2 C:\xampp\htdocs\baohosocvang\wp-includes\general-template.php(41): locate_template(Array, true)
#3 C:\xampp\htdocs\baohosocvang\wp-content\themes\supermarket-ecommerce\page.php(10): get_header()
#4 C:\xampp\htdocs\baohosocvang\wp-includes\template-loader.php(98): include('C:\\xampp\\htdocs...')
#5 C:\xampp\htdocs\baohosocvang\wp-blog-header.php(19): require_once('C:\\xampp\\htdocs...')
#6 C:\xampp\htdocs\baohosocvang\index.php(17): require('C:\\xampp\\htdocs...')
#7 {main}
  thrown in C:\xampp\htdocs\baohosocvang\wp-content\themes\supermarket-ecommerce\header.php on line 89

2020-12-21T13:49:26+00:00 CRITICAL Uncaught Error: Call to undefined function get_field() in C:\xampp\htdocs\baohosocvang\wp-content\themes\supermarket-ecommerce\header.php:89
Stack trace:
#0 C:\xampp\htdocs\baohosocvang\wp-includes\template.php(722): require_once()
#1 C:\xampp\htdocs\baohosocvang\wp-includes\template.php(671): load_template('C:\\xampp\\htdocs...', true)
#2 C:\xampp\htdocs\baohosocvang\wp-includes\general-template.php(41): locate_template(Array, true)
#3 C:\xampp\htdocs\baohosocvang\wp-content\themes\supermarket-ecommerce\page.php(10): get_header()
#4 C:\xampp\htdocs\baohosocvang\wp-includes\template-loader.php(98): include('C:\\xampp\\htdocs...')
#5 C:\xampp\htdocs\baohosocvang\wp-blog-header.php(19): require_once('C:\\xampp\\htdocs...')
#6 C:\xampp\htdocs\baohosocvang\index.php(17): require('C:\\xampp\\htdocs...')
#7 {main}
  thrown in C:\xampp\htdocs\baohosocvang\wp-content\themes\supermarket-ecommerce\header.php on line 89

2020-12-21T13:52:17+00:00 CRITICAL Uncaught Error: Call to undefined function get_field() in C:\xampp\htdocs\baohosocvang\wp-content\themes\supermarket-ecommerce\header.php:89
Stack trace:
#0 C:\xampp\htdocs\baohosocvang\wp-includes\template.php(722): require_once()
#1 C:\xampp\htdocs\baohosocvang\wp-includes\template.php(671): load_template('C:\\xampp\\htdocs...', true)
#2 C:\xampp\htdocs\baohosocvang\wp-includes\general-template.php(41): locate_template(Array, true)
#3 C:\xampp\htdocs\baohosocvang\wp-content\themes\supermarket-ecommerce\page.php(10): get_header()
#4 C:\xampp\htdocs\baohosocvang\wp-includes\template-loader.php(98): include('C:\\xampp\\htdocs...')
#5 C:\xampp\htdocs\baohosocvang\wp-blog-header.php(19): require_once('C:\\xampp\\htdocs...')
#6 C:\xampp\htdocs\baohosocvang\index.php(17): require('C:\\xampp\\htdocs...')
#7 {main}
  thrown in C:\xampp\htdocs\baohosocvang\wp-content\themes\supermarket-ecommerce\header.php on line 89

2020-12-21T14:02:44+00:00 CRITICAL Uncaught Error: Call to undefined function get_field() in C:\xampp\htdocs\baohosocvang\wp-content\themes\supermarket-ecommerce\header.php:89
Stack trace:
#0 C:\xampp\htdocs\baohosocvang\wp-includes\template.php(722): require_once()
#1 C:\xampp\htdocs\baohosocvang\wp-includes\template.php(671): load_template('C:\\xampp\\htdocs...', true)
#2 C:\xampp\htdocs\baohosocvang\wp-includes\general-template.php(41): locate_template(Array, true)
#3 C:\xampp\htdocs\baohosocvang\wp-content\themes\supermarket-ecommerce\page.php(10): get_header()
#4 C:\xampp\htdocs\baohosocvang\wp-includes\template-loader.php(98): include('C:\\xampp\\htdocs...')
#5 C:\xampp\htdocs\baohosocvang\wp-blog-header.php(19): require_once('C:\\xampp\\htdocs...')
#6 C:\xampp\htdocs\baohosocvang\index.php(17): require('C:\\xampp\\htdocs...')
#7 {main}
  thrown in C:\xampp\htdocs\baohosocvang\wp-content\themes\supermarket-ecommerce\header.php on line 89

2020-12-21T14:04:05+00:00 CRITICAL Uncaught Error: Call to undefined function get_field() in C:\xampp\htdocs\baohosocvang\wp-content\themes\supermarket-ecommerce\header.php:89
Stack trace:
#0 C:\xampp\htdocs\baohosocvang\wp-includes\template.php(722): require_once()
#1 C:\xampp\htdocs\baohosocvang\wp-includes\template.php(671): load_template('C:\\xampp\\htdocs...', true)
#2 C:\xampp\htdocs\baohosocvang\wp-includes\general-template.php(41): locate_template(Array, true)
#3 C:\xampp\htdocs\baohosocvang\wp-content\themes\supermarket-ecommerce\page.php(10): get_header()
#4 C:\xampp\htdocs\baohosocvang\wp-includes\template-loader.php(98): include('C:\\xampp\\htdocs...')
#5 C:\xampp\htdocs\baohosocvang\wp-blog-header.php(19): require_once('C:\\xampp\\htdocs...')
#6 C:\xampp\htdocs\baohosocvang\index.php(17): require('C:\\xampp\\htdocs...')
#7 {main}
  thrown in C:\xampp\htdocs\baohosocvang\wp-content\themes\supermarket-ecommerce\header.php on line 89

2020-12-21T14:04:49+00:00 CRITICAL Uncaught Error: Call to undefined function get_field() in C:\xampp\htdocs\baohosocvang\wp-content\themes\supermarket-ecommerce\header.php:89
Stack trace:
#0 C:\xampp\htdocs\baohosocvang\wp-includes\template.php(722): require_once()
#1 C:\xampp\htdocs\baohosocvang\wp-includes\template.php(671): load_template('C:\\xampp\\htdocs...', true)
#2 C:\xampp\htdocs\baohosocvang\wp-includes\general-template.php(41): locate_template(Array, true)
#3 C:\xampp\htdocs\baohosocvang\wp-content\themes\supermarket-ecommerce\page.php(10): get_header()
#4 C:\xampp\htdocs\baohosocvang\wp-includes\template-loader.php(98): include('C:\\xampp\\htdocs...')
#5 C:\xampp\htdocs\baohosocvang\wp-blog-header.php(19): require_once('C:\\xampp\\htdocs...')
#6 C:\xampp\htdocs\baohosocvang\index.php(17): require('C:\\xampp\\htdocs...')
#7 {main}
  thrown in C:\xampp\htdocs\baohosocvang\wp-content\themes\supermarket-ecommerce\header.php on line 89

2020-12-21T14:09:05+00:00 CRITICAL Uncaught Error: Call to undefined function have_rows() in C:\xampp\htdocs\baohosocvang\wp-content\themes\supermarket-ecommerce\tpl-support.php:8
Stack trace:
#0 C:\xampp\htdocs\baohosocvang\wp-includes\template.php(724): require()
#1 C:\xampp\htdocs\baohosocvang\wp-includes\template.php(671): load_template('C:\\xampp\\htdocs...', false)
#2 C:\xampp\htdocs\baohosocvang\wp-includes\general-template.php(168): locate_template(Array, true, false)
#3 C:\xampp\htdocs\baohosocvang\wp-content\themes\supermarket-ecommerce\footer.php(19): get_template_part('tpl', 'support')
#4 C:\xampp\htdocs\baohosocvang\wp-includes\template.php(722): require_once('C:\\xampp\\htdocs...')
#5 C:\xampp\htdocs\baohosocvang\wp-includes\template.php(671): load_template('C:\\xampp\\htdocs...', true)
#6 C:\xampp\htdocs\baohosocvang\wp-includes\general-template.php(76): locate_template(Array, true)
#7 C:\xampp\htdocs\baohosocvang\wp-content\themes\supermarket-ecommerce\page.php(36): get_footer()
#8 C:\xampp\htdocs\baohosocvang\wp-includes\templ in C:\xampp\htdocs\baohosocvang\wp-content\themes\supermarket-ecommerce\tpl-support.php on line 8

2020-12-21T14:12:40+00:00 CRITICAL Uncaught Error: Call to undefined function have_rows() in C:\xampp\htdocs\baohosocvang\wp-content\themes\supermarket-ecommerce\tpl-support.php:8
Stack trace:
#0 C:\xampp\htdocs\baohosocvang\wp-includes\template.php(724): require()
#1 C:\xampp\htdocs\baohosocvang\wp-includes\template.php(671): load_template('C:\\xampp\\htdocs...', false)
#2 C:\xampp\htdocs\baohosocvang\wp-includes\general-template.php(168): locate_template(Array, true, false)
#3 C:\xampp\htdocs\baohosocvang\wp-content\themes\supermarket-ecommerce\footer.php(19): get_template_part('tpl', 'support')
#4 C:\xampp\htdocs\baohosocvang\wp-includes\template.php(722): require_once('C:\\xampp\\htdocs...')
#5 C:\xampp\htdocs\baohosocvang\wp-includes\template.php(671): load_template('C:\\xampp\\htdocs...', true)
#6 C:\xampp\htdocs\baohosocvang\wp-includes\general-template.php(76): locate_template(Array, true)
#7 C:\xampp\htdocs\baohosocvang\wp-content\themes\supermarket-ecommerce\page.php(36): get_footer()
#8 C:\xampp\htdocs\baohosocvang\wp-includes\templ in C:\xampp\htdocs\baohosocvang\wp-content\themes\supermarket-ecommerce\tpl-support.php on line 8

2020-12-21T14:16:34+00:00 CRITICAL Uncaught Error: Call to undefined function have_rows() in C:\xampp\htdocs\baohosocvang\wp-content\themes\supermarket-ecommerce\tpl-support.php:8
Stack trace:
#0 C:\xampp\htdocs\baohosocvang\wp-includes\template.php(724): require()
#1 C:\xampp\htdocs\baohosocvang\wp-includes\template.php(671): load_template('C:\\xampp\\htdocs...', false)
#2 C:\xampp\htdocs\baohosocvang\wp-includes\general-template.php(168): locate_template(Array, true, false)
#3 C:\xampp\htdocs\baohosocvang\wp-content\themes\supermarket-ecommerce\footer.php(19): get_template_part('tpl', 'support')
#4 C:\xampp\htdocs\baohosocvang\wp-includes\template.php(722): require_once('C:\\xampp\\htdocs...')
#5 C:\xampp\htdocs\baohosocvang\wp-includes\template.php(671): load_template('C:\\xampp\\htdocs...', true)
#6 C:\xampp\htdocs\baohosocvang\wp-includes\general-template.php(76): locate_template(Array, true)
#7 C:\xampp\htdocs\baohosocvang\wp-content\themes\supermarket-ecommerce\page.php(36): get_footer()
#8 C:\xampp\htdocs\baohosocvang\wp-includes\templ in C:\xampp\htdocs\baohosocvang\wp-content\themes\supermarket-ecommerce\tpl-support.php on line 8

2020-12-21T14:17:10+00:00 CRITICAL Uncaught Error: Call to undefined function have_rows() in C:\xampp\htdocs\baohosocvang\wp-content\themes\supermarket-ecommerce\tpl-support.php:8
Stack trace:
#0 C:\xampp\htdocs\baohosocvang\wp-includes\template.php(724): require()
#1 C:\xampp\htdocs\baohosocvang\wp-includes\template.php(671): load_template('C:\\xampp\\htdocs...', false)
#2 C:\xampp\htdocs\baohosocvang\wp-includes\general-template.php(168): locate_template(Array, true, false)
#3 C:\xampp\htdocs\baohosocvang\wp-content\themes\supermarket-ecommerce\footer.php(19): get_template_part('tpl', 'support')
#4 C:\xampp\htdocs\baohosocvang\wp-includes\template.php(722): require_once('C:\\xampp\\htdocs...')
#5 C:\xampp\htdocs\baohosocvang\wp-includes\template.php(671): load_template('C:\\xampp\\htdocs...', true)
#6 C:\xampp\htdocs\baohosocvang\wp-includes\general-template.php(76): locate_template(Array, true)
#7 C:\xampp\htdocs\baohosocvang\wp-content\themes\supermarket-ecommerce\page.php(36): get_footer()
#8 C:\xampp\htdocs\baohosocvang\wp-includes\templ in C:\xampp\htdocs\baohosocvang\wp-content\themes\supermarket-ecommerce\tpl-support.php on line 8

2020-12-21T14:17:58+00:00 CRITICAL Uncaught Error: Call to undefined function have_rows() in C:\xampp\htdocs\baohosocvang\wp-content\themes\supermarket-ecommerce\tpl-support.php:8
Stack trace:
#0 C:\xampp\htdocs\baohosocvang\wp-includes\template.php(724): require()
#1 C:\xampp\htdocs\baohosocvang\wp-includes\template.php(671): load_template('C:\\xampp\\htdocs...', false)
#2 C:\xampp\htdocs\baohosocvang\wp-includes\general-template.php(168): locate_template(Array, true, false)
#3 C:\xampp\htdocs\baohosocvang\wp-content\themes\supermarket-ecommerce\footer.php(19): get_template_part('tpl', 'support')
#4 C:\xampp\htdocs\baohosocvang\wp-includes\template.php(722): require_once('C:\\xampp\\htdocs...')
#5 C:\xampp\htdocs\baohosocvang\wp-includes\template.php(671): load_template('C:\\xampp\\htdocs...', true)
#6 C:\xampp\htdocs\baohosocvang\wp-includes\general-template.php(76): locate_template(Array, true)
#7 C:\xampp\htdocs\baohosocvang\wp-content\themes\supermarket-ecommerce\page.php(36): get_footer()
#8 C:\xampp\htdocs\baohosocvang\wp-includes\templ in C:\xampp\htdocs\baohosocvang\wp-content\themes\supermarket-ecommerce\tpl-support.php on line 8

2020-12-21T14:18:23+00:00 CRITICAL Uncaught Error: Call to undefined function have_rows() in C:\xampp\htdocs\baohosocvang\wp-content\themes\supermarket-ecommerce\tpl-support.php:8
Stack trace:
#0 C:\xampp\htdocs\baohosocvang\wp-includes\template.php(724): require()
#1 C:\xampp\htdocs\baohosocvang\wp-includes\template.php(671): load_template('C:\\xampp\\htdocs...', false)
#2 C:\xampp\htdocs\baohosocvang\wp-includes\general-template.php(168): locate_template(Array, true, false)
#3 C:\xampp\htdocs\baohosocvang\wp-content\themes\supermarket-ecommerce\footer.php(19): get_template_part('tpl', 'support')
#4 C:\xampp\htdocs\baohosocvang\wp-includes\template.php(722): require_once('C:\\xampp\\htdocs...')
#5 C:\xampp\htdocs\baohosocvang\wp-includes\template.php(671): load_template('C:\\xampp\\htdocs...', true)
#6 C:\xampp\htdocs\baohosocvang\wp-includes\general-template.php(76): locate_template(Array, true)
#7 C:\xampp\htdocs\baohosocvang\wp-content\themes\supermarket-ecommerce\page.php(36): get_footer()
#8 C:\xampp\htdocs\baohosocvang\wp-includes\templ in C:\xampp\htdocs\baohosocvang\wp-content\themes\supermarket-ecommerce\tpl-support.php on line 8

2020-12-21T14:18:47+00:00 CRITICAL Uncaught Error: Call to undefined function have_rows() in C:\xampp\htdocs\baohosocvang\wp-content\themes\supermarket-ecommerce\tpl-support.php:8
Stack trace:
#0 C:\xampp\htdocs\baohosocvang\wp-includes\template.php(724): require()
#1 C:\xampp\htdocs\baohosocvang\wp-includes\template.php(671): load_template('C:\\xampp\\htdocs...', false)
#2 C:\xampp\htdocs\baohosocvang\wp-includes\general-template.php(168): locate_template(Array, true, false)
#3 C:\xampp\htdocs\baohosocvang\wp-content\themes\supermarket-ecommerce\footer.php(19): get_template_part('tpl', 'support')
#4 C:\xampp\htdocs\baohosocvang\wp-includes\template.php(722): require_once('C:\\xampp\\htdocs...')
#5 C:\xampp\htdocs\baohosocvang\wp-includes\template.php(671): load_template('C:\\xampp\\htdocs...', true)
#6 C:\xampp\htdocs\baohosocvang\wp-includes\general-template.php(76): locate_template(Array, true)
#7 C:\xampp\htdocs\baohosocvang\wp-content\themes\supermarket-ecommerce\page.php(36): get_footer()
#8 C:\xampp\htdocs\baohosocvang\wp-includes\templ in C:\xampp\htdocs\baohosocvang\wp-content\themes\supermarket-ecommerce\tpl-support.php on line 8

2020-12-21T14:20:38+00:00 CRITICAL Uncaught Error: Call to undefined function have_rows() in C:\xampp\htdocs\baohosocvang\wp-content\themes\supermarket-ecommerce\tpl-support.php:8
Stack trace:
#0 C:\xampp\htdocs\baohosocvang\wp-includes\template.php(724): require()
#1 C:\xampp\htdocs\baohosocvang\wp-includes\template.php(671): load_template('C:\\xampp\\htdocs...', false)
#2 C:\xampp\htdocs\baohosocvang\wp-includes\general-template.php(168): locate_template(Array, true, false)
#3 C:\xampp\htdocs\baohosocvang\wp-content\themes\supermarket-ecommerce\footer.php(19): get_template_part('tpl', 'support')
#4 C:\xampp\htdocs\baohosocvang\wp-includes\template.php(722): require_once('C:\\xampp\\htdocs...')
#5 C:\xampp\htdocs\baohosocvang\wp-includes\template.php(671): load_template('C:\\xampp\\htdocs...', true)
#6 C:\xampp\htdocs\baohosocvang\wp-includes\general-template.php(76): locate_template(Array, true)
#7 C:\xampp\htdocs\baohosocvang\wp-content\themes\supermarket-ecommerce\page.php(36): get_footer()
#8 C:\xampp\htdocs\baohosocvang\wp-includes\templ in C:\xampp\htdocs\baohosocvang\wp-content\themes\supermarket-ecommerce\tpl-support.php on line 8

2020-12-21T14:21:05+00:00 CRITICAL Uncaught Error: Call to undefined function have_rows() in C:\xampp\htdocs\baohosocvang\wp-content\themes\supermarket-ecommerce\tpl-support.php:8
Stack trace:
#0 C:\xampp\htdocs\baohosocvang\wp-includes\template.php(724): require()
#1 C:\xampp\htdocs\baohosocvang\wp-includes\template.php(671): load_template('C:\\xampp\\htdocs...', false)
#2 C:\xampp\htdocs\baohosocvang\wp-includes\general-template.php(168): locate_template(Array, true, false)
#3 C:\xampp\htdocs\baohosocvang\wp-content\themes\supermarket-ecommerce\footer.php(19): get_template_part('tpl', 'support')
#4 C:\xampp\htdocs\baohosocvang\wp-includes\template.php(722): require_once('C:\\xampp\\htdocs...')
#5 C:\xampp\htdocs\baohosocvang\wp-includes\template.php(671): load_template('C:\\xampp\\htdocs...', true)
#6 C:\xampp\htdocs\baohosocvang\wp-includes\general-template.php(76): locate_template(Array, true)
#7 C:\xampp\htdocs\baohosocvang\wp-content\themes\supermarket-ecommerce\page.php(36): get_footer()
#8 C:\xampp\htdocs\baohosocvang\wp-includes\templ in C:\xampp\htdocs\baohosocvang\wp-content\themes\supermarket-ecommerce\tpl-support.php on line 8

2020-12-21T15:48:11+00:00 CRITICAL Uncaught Error: Call to undefined function have_rows() in C:\xampp\htdocs\baohosocvang\wp-content\themes\supermarket-ecommerce\tpl-support.php:8
Stack trace:
#0 C:\xampp\htdocs\baohosocvang\wp-includes\template.php(724): require()
#1 C:\xampp\htdocs\baohosocvang\wp-includes\template.php(671): load_template('C:\\xampp\\htdocs...', false)
#2 C:\xampp\htdocs\baohosocvang\wp-includes\general-template.php(168): locate_template(Array, true, false)
#3 C:\xampp\htdocs\baohosocvang\wp-content\themes\supermarket-ecommerce\footer.php(19): get_template_part('tpl', 'support')
#4 C:\xampp\htdocs\baohosocvang\wp-includes\template.php(722): require_once('C:\\xampp\\htdocs...')
#5 C:\xampp\htdocs\baohosocvang\wp-includes\template.php(671): load_template('C:\\xampp\\htdocs...', true)
#6 C:\xampp\htdocs\baohosocvang\wp-includes\general-template.php(76): locate_template(Array, true)
#7 C:\xampp\htdocs\baohosocvang\wp-content\themes\supermarket-ecommerce\page.php(36): get_footer()
#8 C:\xampp\htdocs\baohosocvang\wp-includes\templ in C:\xampp\htdocs\baohosocvang\wp-content\themes\supermarket-ecommerce\tpl-support.php on line 8

2020-12-21T15:48:19+00:00 CRITICAL Uncaught Error: Call to undefined function have_rows() in C:\xampp\htdocs\baohosocvang\wp-content\themes\supermarket-ecommerce\tpl-support.php:8
Stack trace:
#0 C:\xampp\htdocs\baohosocvang\wp-includes\template.php(724): require()
#1 C:\xampp\htdocs\baohosocvang\wp-includes\template.php(671): load_template('C:\\xampp\\htdocs...', false)
#2 C:\xampp\htdocs\baohosocvang\wp-includes\general-template.php(168): locate_template(Array, true, false)
#3 C:\xampp\htdocs\baohosocvang\wp-content\themes\supermarket-ecommerce\footer.php(19): get_template_part('tpl', 'support')
#4 C:\xampp\htdocs\baohosocvang\wp-includes\template.php(722): require_once('C:\\xampp\\htdocs...')
#5 C:\xampp\htdocs\baohosocvang\wp-includes\template.php(671): load_template('C:\\xampp\\htdocs...', true)
#6 C:\xampp\htdocs\baohosocvang\wp-includes\general-template.php(76): locate_template(Array, true)
#7 C:\xampp\htdocs\baohosocvang\wp-content\themes\supermarket-ecommerce\page.php(36): get_footer()
#8 C:\xampp\htdocs\baohosocvang\wp-includes\templ in C:\xampp\htdocs\baohosocvang\wp-content\themes\supermarket-ecommerce\tpl-support.php on line 8

2020-12-21T15:50:32+00:00 CRITICAL Uncaught Error: Call to undefined function have_rows() in C:\xampp\htdocs\baohosocvang\wp-content\themes\supermarket-ecommerce\tpl-support.php:8
Stack trace:
#0 C:\xampp\htdocs\baohosocvang\wp-includes\template.php(724): require()
#1 C:\xampp\htdocs\baohosocvang\wp-includes\template.php(671): load_template('C:\\xampp\\htdocs...', false)
#2 C:\xampp\htdocs\baohosocvang\wp-includes\general-template.php(168): locate_template(Array, true, false)
#3 C:\xampp\htdocs\baohosocvang\wp-content\themes\supermarket-ecommerce\footer.php(19): get_template_part('tpl', 'support')
#4 C:\xampp\htdocs\baohosocvang\wp-includes\template.php(722): require_once('C:\\xampp\\htdocs...')
#5 C:\xampp\htdocs\baohosocvang\wp-includes\template.php(671): load_template('C:\\xampp\\htdocs...', true)
#6 C:\xampp\htdocs\baohosocvang\wp-includes\general-template.php(76): locate_template(Array, true)
#7 C:\xampp\htdocs\baohosocvang\wp-content\themes\supermarket-ecommerce\page.php(36): get_footer()
#8 C:\xampp\htdocs\baohosocvang\wp-includes\templ in C:\xampp\htdocs\baohosocvang\wp-content\themes\supermarket-ecommerce\tpl-support.php on line 8

2020-12-21T15:51:01+00:00 CRITICAL Uncaught Error: Call to undefined function have_rows() in C:\xampp\htdocs\baohosocvang\wp-content\themes\supermarket-ecommerce\tpl-support.php:10
Stack trace:
#0 C:\xampp\htdocs\baohosocvang\wp-includes\template.php(724): require()
#1 C:\xampp\htdocs\baohosocvang\wp-includes\template.php(671): load_template('C:\\xampp\\htdocs...', false)
#2 C:\xampp\htdocs\baohosocvang\wp-includes\general-template.php(168): locate_template(Array, true, false)
#3 C:\xampp\htdocs\baohosocvang\wp-content\themes\supermarket-ecommerce\footer.php(19): get_template_part('tpl', 'support')
#4 C:\xampp\htdocs\baohosocvang\wp-includes\template.php(722): require_once('C:\\xampp\\htdocs...')
#5 C:\xampp\htdocs\baohosocvang\wp-includes\template.php(671): load_template('C:\\xampp\\htdocs...', true)
#6 C:\xampp\htdocs\baohosocvang\wp-includes\general-template.php(76): locate_template(Array, true)
#7 C:\xampp\htdocs\baohosocvang\wp-content\themes\supermarket-ecommerce\page.php(36): get_footer()
#8 C:\xampp\htdocs\baohosocvang\wp-includes\temp in C:\xampp\htdocs\baohosocvang\wp-content\themes\supermarket-ecommerce\tpl-support.php on line 10

2020-12-21T15:52:32+00:00 CRITICAL Uncaught Error: Call to undefined function have_rows() in C:\xampp\htdocs\baohosocvang\wp-content\themes\supermarket-ecommerce\tpl-support.php:10
Stack trace:
#0 C:\xampp\htdocs\baohosocvang\wp-includes\template.php(724): require()
#1 C:\xampp\htdocs\baohosocvang\wp-includes\template.php(671): load_template('C:\\xampp\\htdocs...', false)
#2 C:\xampp\htdocs\baohosocvang\wp-includes\general-template.php(168): locate_template(Array, true, false)
#3 C:\xampp\htdocs\baohosocvang\wp-content\themes\supermarket-ecommerce\footer.php(19): get_template_part('tpl', 'support')
#4 C:\xampp\htdocs\baohosocvang\wp-includes\template.php(722): require_once('C:\\xampp\\htdocs...')
#5 C:\xampp\htdocs\baohosocvang\wp-includes\template.php(671): load_template('C:\\xampp\\htdocs...', true)
#6 C:\xampp\htdocs\baohosocvang\wp-includes\general-template.php(76): locate_template(Array, true)
#7 C:\xampp\htdocs\baohosocvang\wp-content\themes\supermarket-ecommerce\page.php(36): get_footer()
#8 C:\xampp\htdocs\baohosocvang\wp-includes\temp in C:\xampp\htdocs\baohosocvang\wp-content\themes\supermarket-ecommerce\tpl-support.php on line 10

2020-12-21T15:52:34+00:00 CRITICAL Uncaught Error: Call to undefined function have_rows() in C:\xampp\htdocs\baohosocvang\wp-content\themes\supermarket-ecommerce\tpl-support.php:10
Stack trace:
#0 C:\xampp\htdocs\baohosocvang\wp-includes\template.php(724): require()
#1 C:\xampp\htdocs\baohosocvang\wp-includes\template.php(671): load_template('C:\\xampp\\htdocs...', false)
#2 C:\xampp\htdocs\baohosocvang\wp-includes\general-template.php(168): locate_template(Array, true, false)
#3 C:\xampp\htdocs\baohosocvang\wp-content\themes\supermarket-ecommerce\footer.php(19): get_template_part('tpl', 'support')
#4 C:\xampp\htdocs\baohosocvang\wp-includes\template.php(722): require_once('C:\\xampp\\htdocs...')
#5 C:\xampp\htdocs\baohosocvang\wp-includes\template.php(671): load_template('C:\\xampp\\htdocs...', true)
#6 C:\xampp\htdocs\baohosocvang\wp-includes\general-template.php(76): locate_template(Array, true)
#7 C:\xampp\htdocs\baohosocvang\wp-content\themes\supermarket-ecommerce\page.php(36): get_footer()
#8 C:\xampp\htdocs\baohosocvang\wp-includes\temp in C:\xampp\htdocs\baohosocvang\wp-content\themes\supermarket-ecommerce\tpl-support.php on line 10

2020-12-21T15:52:52+00:00 CRITICAL Uncaught Error: Call to undefined function have_rows() in C:\xampp\htdocs\baohosocvang\wp-content\themes\supermarket-ecommerce\template-parts\footer\footer-widgets.php:22
Stack trace:
#0 C:\xampp\htdocs\baohosocvang\wp-includes\template.php(724): require()
#1 C:\xampp\htdocs\baohosocvang\wp-includes\template.php(671): load_template('C:\\xampp\\htdocs...', false)
#2 C:\xampp\htdocs\baohosocvang\wp-includes\general-template.php(168): locate_template(Array, true, false)
#3 C:\xampp\htdocs\baohosocvang\wp-content\themes\supermarket-ecommerce\footer.php(60): get_template_part('template-parts/...', 'widgets')
#4 C:\xampp\htdocs\baohosocvang\wp-includes\template.php(722): require_once('C:\\xampp\\htdocs...')
#5 C:\xampp\htdocs\baohosocvang\wp-includes\template.php(671): load_template('C:\\xampp\\htdocs...', true)
#6 C:\xampp\htdocs\baohosocvang\wp-includes\general-template.php(76): locate_template(Array, true)
#7 C:\xampp\htdocs\baohosocvang\wp-content\themes\supermarket-ecommerce\page.php(36): get_footer()
#8 C:\xa in C:\xampp\htdocs\baohosocvang\wp-content\themes\supermarket-ecommerce\template-parts\footer\footer-widgets.php on line 22

2020-12-21T15:53:09+00:00 CRITICAL Uncaught Error: Call to undefined function have_rows() in C:\xampp\htdocs\baohosocvang\wp-content\themes\supermarket-ecommerce\template-parts\footer\footer-widgets.php:22
Stack trace:
#0 C:\xampp\htdocs\baohosocvang\wp-includes\template.php(724): require()
#1 C:\xampp\htdocs\baohosocvang\wp-includes\template.php(671): load_template('C:\\xampp\\htdocs...', false)
#2 C:\xampp\htdocs\baohosocvang\wp-includes\general-template.php(168): locate_template(Array, true, false)
#3 C:\xampp\htdocs\baohosocvang\wp-content\themes\supermarket-ecommerce\footer.php(60): get_template_part('template-parts/...', 'widgets')
#4 C:\xampp\htdocs\baohosocvang\wp-includes\template.php(722): require_once('C:\\xampp\\htdocs...')
#5 C:\xampp\htdocs\baohosocvang\wp-includes\template.php(671): load_template('C:\\xampp\\htdocs...', true)
#6 C:\xampp\htdocs\baohosocvang\wp-includes\general-template.php(76): locate_template(Array, true)
#7 C:\xampp\htdocs\baohosocvang\wp-content\themes\supermarket-ecommerce\page.php(36): get_footer()
#8 C:\xa in C:\xampp\htdocs\baohosocvang\wp-content\themes\supermarket-ecommerce\template-parts\footer\footer-widgets.php on line 22

2020-12-21T15:57:14+00:00 CRITICAL Uncaught Error: Call to undefined function have_rows() in C:\xampp\htdocs\baohosocvang\wp-content\themes\supermarket-ecommerce\template-parts\footer\footer-widgets.php:22
Stack trace:
#0 C:\xampp\htdocs\baohosocvang\wp-includes\template.php(724): require()
#1 C:\xampp\htdocs\baohosocvang\wp-includes\template.php(671): load_template('C:\\xampp\\htdocs...', false)
#2 C:\xampp\htdocs\baohosocvang\wp-includes\general-template.php(168): locate_template(Array, true, false)
#3 C:\xampp\htdocs\baohosocvang\wp-content\themes\supermarket-ecommerce\footer.php(60): get_template_part('template-parts/...', 'widgets')
#4 C:\xampp\htdocs\baohosocvang\wp-includes\template.php(722): require_once('C:\\xampp\\htdocs...')
#5 C:\xampp\htdocs\baohosocvang\wp-includes\template.php(671): load_template('C:\\xampp\\htdocs...', true)
#6 C:\xampp\htdocs\baohosocvang\wp-includes\general-template.php(76): locate_template(Array, true)
#7 C:\xampp\htdocs\baohosocvang\wp-content\themes\supermarket-ecommerce\page.php(36): get_footer()
#8 C:\xa in C:\xampp\htdocs\baohosocvang\wp-content\themes\supermarket-ecommerce\template-parts\footer\footer-widgets.php on line 22

2020-12-21T15:57:53+00:00 CRITICAL Uncaught Error: Call to undefined function have_rows() in C:\xampp\htdocs\baohosocvang\wp-content\themes\supermarket-ecommerce\template-parts\footer\footer-widgets.php:22
Stack trace:
#0 C:\xampp\htdocs\baohosocvang\wp-includes\template.php(724): require()
#1 C:\xampp\htdocs\baohosocvang\wp-includes\template.php(671): load_template('C:\\xampp\\htdocs...', false)
#2 C:\xampp\htdocs\baohosocvang\wp-includes\general-template.php(168): locate_template(Array, true, false)
#3 C:\xampp\htdocs\baohosocvang\wp-content\themes\supermarket-ecommerce\footer.php(60): get_template_part('template-parts/...', 'widgets')
#4 C:\xampp\htdocs\baohosocvang\wp-includes\template.php(722): require_once('C:\\xampp\\htdocs...')
#5 C:\xampp\htdocs\baohosocvang\wp-includes\template.php(671): load_template('C:\\xampp\\htdocs...', true)
#6 C:\xampp\htdocs\baohosocvang\wp-includes\general-template.php(76): locate_template(Array, true)
#7 C:\xampp\htdocs\baohosocvang\wp-content\themes\supermarket-ecommerce\page.php(36): get_footer()
#8 C:\xa in C:\xampp\htdocs\baohosocvang\wp-content\themes\supermarket-ecommerce\template-parts\footer\footer-widgets.php on line 22

2020-12-21T16:00:39+00:00 CRITICAL syntax error, unexpected 'print_r' (T_STRING) in C:\xampp\htdocs\baohosocvang\wp-content\themes\supermarket-ecommerce\template-parts\footer\footer-widgets.php on line 12

